<?xml version="1.0" encoding="UTF-8"?>
<!-- Generated by org.testng.reporters.JUnitXMLReporter -->
<testsuite ignored="10" hostname="dell-vostro-3515" failures="0" tests="9" name="Command line test" time="33.41" errors="0" timestamp="2023-06-17T21:24:17 AMT">
  <testcase classname="LoginFunctionality.NegativeCase.LoginFunctionalityTest" name="OpenMenuAm" time="14.392"/>
  <testcase classname="LoginFunctionality.NegativeCase.LoginFunctionalityTest" name="WrongEmailCase" time="4.265"/>
  <testcase classname="LoginFunctionality.NegativeCase.LoginFunctionalityTest" name="EmptyEmailFieldCase" time="2.504"/>
  <testcase classname="LoginFunctionality.NegativeCase.LoginFunctionalityTest" name="WrongPasswordCase" time="2.962"/>
  <testcase classname="LoginFunctionality.NegativeCase.LoginFunctionalityTest" name="EmptyPasswordCase" time="0.429"/>
  <testcase classname="LoginFunctionality.NegativeCase.LoginFunctionalityTest" name="MoveToTheResetPasswordPage" time="4.597"/>
  <testcase classname="LoginFunctionality.NegativeCase.LoginFunctionalityTest" name="ResetPasswordEmptyPhoneNumberField" time="0.72"/>
  <testcase classname="LoginFunctionality.NegativeCase.LoginFunctionalityTest" name="ResetPasswordByWrongPhoneNumber" time="0.482"/>
  <testcase classname="LoginFunctionality.NegativeCase.LoginFunctionalityTest" name="ResetPasswordByWrongEmailField" time="0.484"/>
  <testcase classname="CartFunctionality.PositiveCase.CartFunctionalityTest" name="TotalPriceOfOrder" time="0.0">
    <ignored/>
  </testcase> <!-- TotalPriceOfOrder -->
  <testcase classname="CartFunctionality.PositiveCase.CartFunctionalityTest" name="SignInForMenuAm" time="0.0">
    <ignored/>
  </testcase> <!-- SignInForMenuAm -->
  <testcase classname="CartFunctionality.PositiveCase.CartFunctionalityTest" name="DecreasedOneProductFromCart" time="0.0">
    <ignored/>
  </testcase> <!-- DecreasedOneProductFromCart -->
  <testcase classname="CartFunctionality.NegativeCase.CartFunctionalityTest" name="OrderFromClosedRestaurant" time="0.0">
    <ignored/>
  </testcase> <!-- OrderFromClosedRestaurant -->
  <testcase classname="CartFunctionality.PositiveCase.CartFunctionalityTest" name="RemoveAllProductFromCart" time="0.0">
    <ignored/>
  </testcase> <!-- RemoveAllProductFromCart -->
  <testcase classname="CartFunctionality.NegativeCase.CartFunctionalityTest" name="OrderAnInappropriateProduct" time="0.0">
    <ignored/>
  </testcase> <!-- OrderAnInappropriateProduct -->
  <testcase classname="CartFunctionality.PositiveCase.CartFunctionalityTest" name="ProductQuantityIncreasesWhenAddingProduct" time="0.0">
    <ignored/>
  </testcase> <!-- ProductQuantityIncreasesWhenAddingProduct -->
  <testcase classname="CartFunctionality.PositiveCase.CartFunctionalityTest" name="SearchFunctionality" time="0.0">
    <ignored/>
  </testcase> <!-- SearchFunctionality -->
  <testcase classname="CartFunctionality.PositiveCase.CartFunctionalityTest" name="AddAnyProductToShoppingCart" time="0.0">
    <ignored/>
  </testcase> <!-- AddAnyProductToShoppingCart -->
  <testcase classname="CartFunctionality.NegativeCase.CartFunctionalityTest" name="SignInForMenuAm" time="0.0">
    <ignored/>
  </testcase> <!-- SignInForMenuAm -->
</testsuite> <!-- Command line test -->
