<?xml version="1.0" encoding="UTF-8"?>
<testsuite name="CartFunctionality.NegativeCase.CartFunctionalityOne" time="1.092" tests="7" errors="0" skipped="6" failures="1">
  <properties>
[...]
</properties>
  <testcase name="initDriver" classname="CartFunctionality.NegativeCase.CartFunctionalityOne" time="1.092">
    <failure message="&apos;com.google.common.collect.ImmutableMap com.google.common.collect.ImmutableMap.of(java.lang.Object, java.lang.Object, java.lang.Object, java.lang.Object, java.lang.Object, java.lang.Object, java.lang.Object, java.lang.Object, java.lang.Object, java.lang.Object, java.lang.Object, java.lang.Object)&apos;" type="java.lang.NoSuchMethodError"><![CDATA[java.lang.NoSuchMethodError: 'com.google.common.collect.ImmutableMap com.google.common.collect.ImmutableMap.of(java.lang.Object, java.lang.Object, java.lang.Object, java.lang.Object, java.lang.Object, java.lang.Object, java.lang.Object, java.lang.Object, java.lang.Object, java.lang.Object, java.lang.Object, java.lang.Object)'
	at org.openqa.selenium.chrome.AddHasCasting.getAdditionalCommands(AddHasCasting.java:38)
	at org.openqa.selenium.chrome.ChromeDriver$ChromeDriverCommandExecutor.getExtraCommands(ChromeDriver.java:116)
	at org.openqa.selenium.chrome.ChromeDriver$ChromeDriverCommandExecutor.<init>(ChromeDriver.java:111)
	at org.openqa.selenium.chrome.ChromeDriver.generateExecutor(ChromeDriver.java:101)
	at org.openqa.selenium.chrome.ChromeDriver.<init>(ChromeDriver.java:88)
	at org.openqa.selenium.chrome.ChromeDriver.<init>(ChromeDriver.java:84)
	at org.openqa.selenium.chrome.ChromeDriver.<init>(ChromeDriver.java:52)
	at driver.DriverFactory.initDriver(DriverFactory.java:17)
	at CartFunctionality.BaseTest.initDriver(BaseTest.java:10)
	at CartFunctionality.NegativeCase.CartFunctionalityOne.initDriver(CartFunctionalityOne.java:25)
]]></failure>
    <system-out>Configuring TestNG with: TestNG652Configurator
</system-out>
    <system-err>SLF4J: Failed to load class "org.slf4j.impl.StaticLoggerBinder".
SLF4J: Defaulting to no-operation (NOP) logger implementation
SLF4J: See http://www.slf4j.org/codes.html#StaticLoggerBinder for further details.
</system-err>
  </testcase>
  <testcase name="SignInForMenuAm" classname="CartFunctionality.NegativeCase.CartFunctionalityOne" time="0">
    <skipped/>
  </testcase>
  <testcase name="initDriver" classname="CartFunctionality.NegativeCase.CartFunctionalityOne" time="0">
    <skipped/>
  </testcase>
  <testcase name="OrderAnInappropriateProduct" classname="CartFunctionality.NegativeCase.CartFunctionalityOne" time="0">
    <skipped/>
  </testcase>
  <testcase name="initDriver" classname="CartFunctionality.NegativeCase.CartFunctionalityOne" time="0">
    <skipped/>
  </testcase>
  <testcase name="OrderFromClosedRestaurant" classname="CartFunctionality.NegativeCase.CartFunctionalityOne" time="0">
    <skipped/>
  </testcase>
  <testcase name="tearDown" classname="CartFunctionality.NegativeCase.CartFunctionalityOne" time="0">
    <skipped/>
  </testcase>
</testsuite>