<?xml version="1.0" encoding="UTF-8"?>
<!-- Generated by org.testng.reporters.JUnitXMLReporter -->
<testsuite ignored="0" hostname="dell-vostro-3515" failures="0" tests="3" name="Command line test" time="0.67" errors="0" timestamp="2023-06-17T21:12:06 AMT">
  <testcase classname="CartFunctionality.NegativeCase.CartFunctionalityOne" name="@BeforeMethod initDriver" time="0.503">
    <failure type="java.lang.NoSuchMethodError" message="&amp;apos;com.google.common.collect.ImmutableMap com.google.common.collect.ImmutableMap.of(java.lang.Object, java.lang.Object, java.lang.Object, java.lang.Object, java.lang.Object, java.lang.Object, java.lang.Object, java.lang.Object, java.lang.Object, java.lang.Object, java.lang.Object, java.lang.Object)&amp;apos;">
      <![CDATA[java.lang.NoSuchMethodError: 'com.google.common.collect.ImmutableMap com.google.common.collect.ImmutableMap.of(java.lang.Object, java.lang.Object, java.lang.Object, java.lang.Object, java.lang.Object, java.lang.Object, java.lang.Object, java.lang.Object, java.lang.Object, java.lang.Object, java.lang.Object, java.lang.Object)'
at org.openqa.selenium.chrome.AddHasCasting.getAdditionalCommands(AddHasCasting.java:38)
at org.openqa.selenium.chrome.ChromeDriver$ChromeDriverCommandExecutor.getExtraCommands(ChromeDriver.java:116)
at org.openqa.selenium.chrome.ChromeDriver$ChromeDriverCommandExecutor.<init>(ChromeDriver.java:111)
at org.openqa.selenium.chrome.ChromeDriver.generateExecutor(ChromeDriver.java:101)
at org.openqa.selenium.chrome.ChromeDriver.<init>(ChromeDriver.java:88)
at org.openqa.selenium.chrome.ChromeDriver.<init>(ChromeDriver.java:84)
at org.openqa.selenium.chrome.ChromeDriver.<init>(ChromeDriver.java:52)
at driver.DriverFactory.initDriver(DriverFactory.java:17)
at CartFunctionality.BaseTest.initDriver(BaseTest.java:10)
at CartFunctionality.NegativeCase.CartFunctionalityOne.initDriver(CartFunctionalityOne.java:25)
at java.base/java.util.ArrayList.forEach(ArrayList.java:1511)
... Removed 37 stack frames]]>
    </failure>
  </testcase> <!-- @BeforeMethod initDriver -->
  <testcase classname="CartFunctionality.NegativeCase.CartFunctionalityOne" name="@BeforeMethod initDriver" time="0.0">
    <skipped/>
  </testcase> <!-- @BeforeMethod initDriver -->
  <testcase classname="CartFunctionality.NegativeCase.CartFunctionalityOne" name="@BeforeMethod initDriver" time="0.0">
    <skipped/>
  </testcase> <!-- @BeforeMethod initDriver -->
  <testcase classname="CartFunctionality.NegativeCase.CartFunctionalityOne" name="@AfterTest tearDown" time="0.0">
    <skipped/>
  </testcase> <!-- @AfterTest tearDown -->
  <testcase classname="CartFunctionality.NegativeCase.CartFunctionalityOne" name="SignInForMenuAm" time="0.001">
    <skipped/>
  </testcase> <!-- SignInForMenuAm -->
  <testcase classname="CartFunctionality.NegativeCase.CartFunctionalityOne" name="OrderAnInappropriateProduct" time="0.001">
    <skipped/>
  </testcase> <!-- OrderAnInappropriateProduct -->
  <testcase classname="CartFunctionality.NegativeCase.CartFunctionalityOne" name="OrderFromClosedRestaurant" time="0.0">
    <skipped/>
  </testcase> <!-- OrderFromClosedRestaurant -->
</testsuite> <!-- Command line test -->
